<?xml version="1.0" encoding="UTF-8"?>
<!-- Generated by org.testng.reporters.JUnitReportReporter -->
<testsuite hostname="HariHara" failures="0" tests="5" name="Tests.O1_LoginTests" time="374.118" errors="0" timestamp="2024-10-18T17:04:17 IST" skipped="0">
  <testcase classname="Tests.O1_LoginTests" name="validLogin" time="18.013"/>
  <testcase classname="Tests.O1_LoginTests" name="invalidLogin" time="17.888"/>
  <testcase classname="Tests.O1_LoginTests" name="invalidLogin2" time="18.091"/>
  <testcase classname="Tests.O1_LoginTests" name="invalidLogin3" time="17.819"/>
  <testcase classname="Tests.O1_LoginTests" name="invalidLogin4" time="302.307"/>
</testsuite> <!-- Tests.O1_LoginTests -->
