<?xml version="1.0" encoding="UTF-8"?>
<!-- Generated by org.testng.reporters.JUnitReportReporter -->
<testsuite hostname="HariHara" failures="0" tests="1" name="Tests.O2_PIMTests" time="27.665" errors="0" timestamp="2024-10-18T16:54:55 IST" skipped="0">
  <testcase classname="Tests.O2_PIMTests" name="contactDetails" time="27.665"/>
</testsuite> <!-- Tests.O2_PIMTests -->
